[debug] [2023-07-17T09:35:01.628Z] ----------------------------------------------------------------------
[debug] [2023-07-17T09:35:01.630Z] Command:       C:\Program Files\nodejs\node.exe C:\Program Files\nodejs\node_modules\firebase-tools\lib\bin\firebase.js deploy --only hosting
[debug] [2023-07-17T09:35:01.631Z] CLI Version:   12.4.4
[debug] [2023-07-17T09:35:01.631Z] Platform:      win32
[debug] [2023-07-17T09:35:01.631Z] Node Version:  v18.0.0
[debug] [2023-07-17T09:35:01.632Z] Time:          Mon Jul 17 2023 15:05:01 GMT+0530 (India Standard Time)
[debug] [2023-07-17T09:35:01.632Z] ----------------------------------------------------------------------
[debug] 
[debug] [2023-07-17T09:35:01.728Z] > command requires scopes: ["email","openid","https://www.googleapis.com/auth/cloudplatformprojects.readonly","https://www.googleapis.com/auth/firebase","https://www.googleapis.com/auth/cloud-platform"]
[debug] [2023-07-17T09:35:01.728Z] > authorizing via signed-in user (anubhavkhamari002@gmail.com)
[debug] [2023-07-17T09:35:01.729Z] [iam] checking project coolageofficial for permissions ["firebase.projects.get","firebasehosting.sites.update"]
[debug] [2023-07-17T09:35:01.732Z] >>> [apiv2][query] POST https://cloudresourcemanager.googleapis.com/v1/projects/coolageofficial:testIamPermissions [none]
[debug] [2023-07-17T09:35:01.732Z] >>> [apiv2][(partial)header] POST https://cloudresourcemanager.googleapis.com/v1/projects/coolageofficial:testIamPermissions x-goog-quota-user=projects/coolageofficial
[debug] [2023-07-17T09:35:01.732Z] >>> [apiv2][body] POST https://cloudresourcemanager.googleapis.com/v1/projects/coolageofficial:testIamPermissions {"permissions":["firebase.projects.get","firebasehosting.sites.update"]}
[debug] [2023-07-17T09:35:22.869Z] *** [apiv2] error from fetch(https://cloudresourcemanager.googleapis.com/v1/projects/coolageofficial:testIamPermissions, {"headers":{},"method":"POST","body":"{\"permissions\":[\"firebase.projects.get\",\"firebasehosting.sites.update\"]}"}): FetchError: request to https://cloudresourcemanager.googleapis.com/v1/projects/coolageofficial:testIamPermissions failed, reason: connect ETIMEDOUT 2404:6800:4002:814::200a:443
[debug] [2023-07-17T09:35:22.871Z] [iam] error while checking permissions, command may fail: FirebaseError: Failed to make request to https://cloudresourcemanager.googleapis.com/v1/projects/coolageofficial:testIamPermissions
[debug] [2023-07-17T09:35:22.875Z] >>> [apiv2][query] GET https://firebase.googleapis.com/v1beta1/projects/coolageofficial [none]
[debug] [2023-07-17T09:35:23.502Z] <<< [apiv2][status] GET https://firebase.googleapis.com/v1beta1/projects/coolageofficial 200
[debug] [2023-07-17T09:35:23.503Z] <<< [apiv2][body] GET https://firebase.googleapis.com/v1beta1/projects/coolageofficial {"projectId":"coolageofficial","projectNumber":"872546420614","displayName":"CoolAge","name":"projects/coolageofficial","resources":{"hostingSite":"coolageofficial"},"state":"ACTIVE","etag":"1_4370bdb5-5e17-4776-8864-3b4dfba760ea"}
[info] 
[info] === Deploying to 'coolageofficial'...
[info] 
[info] i  deploying hosting 
[debug] [2023-07-17T09:35:23.544Z] >>> [apiv2][query] POST https://firebasehosting.googleapis.com/v1beta1/projects/-/sites/coolageofficial/versions [none]
[debug] [2023-07-17T09:35:23.544Z] >>> [apiv2][body] POST https://firebasehosting.googleapis.com/v1beta1/projects/-/sites/coolageofficial/versions {"status":"CREATED","labels":{"deployment-tool":"cli-firebase"}}
[debug] [2023-07-17T09:35:25.056Z] <<< [apiv2][status] POST https://firebasehosting.googleapis.com/v1beta1/projects/-/sites/coolageofficial/versions 200
[debug] [2023-07-17T09:35:25.056Z] <<< [apiv2][body] POST https://firebasehosting.googleapis.com/v1beta1/projects/-/sites/coolageofficial/versions {"name":"projects/872546420614/sites/coolageofficial/versions/f81320f13c833d11","status":"CREATED","config":{},"labels":{"deployment-tool":"cli-firebase"}}
[info] i  hosting[coolageofficial]: beginning deploy... 
[info] i  hosting[coolageofficial]: found 17 files in build 
[debug] [2023-07-17T09:35:25.102Z] [hosting] uploading with 200 concurrency
[debug] [2023-07-17T09:35:25.134Z] [hosting] hash cache [YnVpbGQ] stored for 17 files
[debug] [2023-07-17T09:35:25.134Z] [hosting][hash queue][FINAL] {"max":9,"min":1,"avg":1,"active":0,"complete":17,"success":17,"errored":0,"retried":0,"total":17,"elapsed":23}
[debug] [2023-07-17T09:35:25.135Z] >>> [apiv2][query] POST https://firebasehosting.googleapis.com/v1beta1/projects/872546420614/sites/coolageofficial/versions/f81320f13c833d11:populateFiles [none]
[debug] [2023-07-17T09:35:25.136Z] >>> [apiv2][body] POST https://firebasehosting.googleapis.com/v1beta1/projects/872546420614/sites/coolageofficial/versions/f81320f13c833d11:populateFiles {"files":{"/asset-manifest.json":"e4cd60f5d22f58a691abadab8303f6b57f7b7dc7b51984a08a9bf984aacc72ca","/coolage logo.jpeg":"64867215df18f2ed867c4800604e2f241551d1f58975e57d2b64d882e16c544b","/coolage_logo.png":"3aa4713e14e93663b274dc48a5d5ca91a9a33cbb07e1c09c6559f639a2616b74","/coolage_logo2-removebg-preview.png":"570b28cc9f2e0e861536974ecca4152f865d1748741d55649d6fc1b6ba16b6cc","/favicon.ico":"eae62e993eb980ec8a25058c39d5a51feab118bd2100c4deebb2a9c158ec11f9","/index.html":"ac167d338a2a1475d39c0623694209bc539d12e5f2eca01fccecd188e6d31075","/logo192.png":"3ee59515172ee198f3be375979df15ac5345183e656720a381b8872b2a39dc8b","/logo512.png":"ee7e2f3fdb8209c4b6fd7bef6ba50d1b9dba30a25bb5c3126df057e1cb6f5331","/manifest.json":"aff3449bdc238776f5d6d967f19ec491b36aed5fb7f23ccff6500736fd58494a","/robots.txt":"bfe106a3fb878dc83461c86818bf74fc1bdc7f28538ba613cd3e775516ce8b49","/static/css/main.420bcf3f.css":"3f77651ce5b6f1f103ec8238dcb014331568ac0f306ca24cd52cbccc7a7434d1","/static/css/main.420bcf3f.css.map":"38e28168184d09604c0f675e89ccffdd8fc2fe37ed0528b74738ca2feb9faca6","/static/js/787.cda612ba.chunk.js":"bfd132cf30c4fc458aab63f8fb2d23785590a026a1cca2b97e5b7762f6d57df7","/static/js/787.cda612ba.chunk.js.map":"a852f321a9c469c9ec97c3fcaf9054b488fb73c321a5ddaebf25dae5a40825d5","/static/js/main.8a370078.js":"428b6f3b9fa897ff6a74a9317687c7247842fd493c4d9d6bfab2ca8b4000468f","/static/js/main.8a370078.js.LICENSE.txt":"d4c68a8bea55cda0f2b95c033d0939bd4873cadadab5feba97f2d03a2f52b56e","/static/js/main.8a370078.js.map":"55f1e660c7f2b36b6ded3fae718b8a00223cd22178265ee2df5b985c42a80f84"}}
[debug] [2023-07-17T09:35:46.189Z] *** [apiv2] error from fetch(https://firebasehosting.googleapis.com/v1beta1/projects/872546420614/sites/coolageofficial/versions/f81320f13c833d11:populateFiles, {"headers":{},"method":"POST","body":"{\"files\":{\"/asset-manifest.json\":\"e4cd60f5d22f58a691abadab8303f6b57f7b7dc7b51984a08a9bf984aacc72ca\",\"/coolage logo.jpeg\":\"64867215df18f2ed867c4800604e2f241551d1f58975e57d2b64d882e16c544b\",\"/coolage_logo.png\":\"3aa4713e14e93663b274dc48a5d5ca91a9a33cbb07e1c09c6559f639a2616b74\",\"/coolage_logo2-removebg-preview.png\":\"570b28cc9f2e0e861536974ecca4152f865d1748741d55649d6fc1b6ba16b6cc\",\"/favicon.ico\":\"eae62e993eb980ec8a25058c39d5a51feab118bd2100c4deebb2a9c158ec11f9\",\"/index.html\":\"ac167d338a2a1475d39c0623694209bc539d12e5f2eca01fccecd188e6d31075\",\"/logo192.png\":\"3ee59515172ee198f3be375979df15ac5345183e656720a381b8872b2a39dc8b\",\"/logo512.png\":\"ee7e2f3fdb8209c4b6fd7bef6ba50d1b9dba30a25bb5c3126df057e1cb6f5331\",\"/manifest.json\":\"aff3449bdc238776f5d6d967f19ec491b36aed5fb7f23ccff6500736fd58494a\",\"/robots.txt\":\"bfe106a3fb878dc83461c86818bf74fc1bdc7f28538ba613cd3e775516ce8b49\",\"/static/css/main.420bcf3f.css\":\"3f77651ce5b6f1f103ec8238dcb014331568ac0f306ca24cd52cbccc7a7434d1\",\"/static/css/main.420bcf3f.css.map\":\"38e28168184d09604c0f675e89ccffdd8fc2fe37ed0528b74738ca2feb9faca6\",\"/static/js/787.cda612ba.chunk.js\":\"bfd132cf30c4fc458aab63f8fb2d23785590a026a1cca2b97e5b7762f6d57df7\",\"/static/js/787.cda612ba.chunk.js.map\":\"a852f321a9c469c9ec97c3fcaf9054b488fb73c321a5ddaebf25dae5a40825d5\",\"/static/js/main.8a370078.js\":\"428b6f3b9fa897ff6a74a9317687c7247842fd493c4d9d6bfab2ca8b4000468f\",\"/static/js/main.8a370078.js.LICENSE.txt\":\"d4c68a8bea55cda0f2b95c033d0939bd4873cadadab5feba97f2d03a2f52b56e\",\"/static/js/main.8a370078.js.map\":\"55f1e660c7f2b36b6ded3fae718b8a00223cd22178265ee2df5b985c42a80f84\"}}"}): FetchError: request to https://firebasehosting.googleapis.com/v1beta1/projects/872546420614/sites/coolageofficial/versions/f81320f13c833d11:populateFiles failed, reason: connect ETIMEDOUT 2404:6800:4002:81a::200a:443
[debug] [2023-07-17T09:35:46.600Z] [populateQueue] Retrying task index 0
[debug] [2023-07-17T09:35:46.601Z] >>> [apiv2][query] POST https://firebasehosting.googleapis.com/v1beta1/projects/872546420614/sites/coolageofficial/versions/f81320f13c833d11:populateFiles [none]
[debug] [2023-07-17T09:35:46.601Z] >>> [apiv2][body] POST https://firebasehosting.googleapis.com/v1beta1/projects/872546420614/sites/coolageofficial/versions/f81320f13c833d11:populateFiles {"files":{"/asset-manifest.json":"e4cd60f5d22f58a691abadab8303f6b57f7b7dc7b51984a08a9bf984aacc72ca","/coolage logo.jpeg":"64867215df18f2ed867c4800604e2f241551d1f58975e57d2b64d882e16c544b","/coolage_logo.png":"3aa4713e14e93663b274dc48a5d5ca91a9a33cbb07e1c09c6559f639a2616b74","/coolage_logo2-removebg-preview.png":"570b28cc9f2e0e861536974ecca4152f865d1748741d55649d6fc1b6ba16b6cc","/favicon.ico":"eae62e993eb980ec8a25058c39d5a51feab118bd2100c4deebb2a9c158ec11f9","/index.html":"ac167d338a2a1475d39c0623694209bc539d12e5f2eca01fccecd188e6d31075","/logo192.png":"3ee59515172ee198f3be375979df15ac5345183e656720a381b8872b2a39dc8b","/logo512.png":"ee7e2f3fdb8209c4b6fd7bef6ba50d1b9dba30a25bb5c3126df057e1cb6f5331","/manifest.json":"aff3449bdc238776f5d6d967f19ec491b36aed5fb7f23ccff6500736fd58494a","/robots.txt":"bfe106a3fb878dc83461c86818bf74fc1bdc7f28538ba613cd3e775516ce8b49","/static/css/main.420bcf3f.css":"3f77651ce5b6f1f103ec8238dcb014331568ac0f306ca24cd52cbccc7a7434d1","/static/css/main.420bcf3f.css.map":"38e28168184d09604c0f675e89ccffdd8fc2fe37ed0528b74738ca2feb9faca6","/static/js/787.cda612ba.chunk.js":"bfd132cf30c4fc458aab63f8fb2d23785590a026a1cca2b97e5b7762f6d57df7","/static/js/787.cda612ba.chunk.js.map":"a852f321a9c469c9ec97c3fcaf9054b488fb73c321a5ddaebf25dae5a40825d5","/static/js/main.8a370078.js":"428b6f3b9fa897ff6a74a9317687c7247842fd493c4d9d6bfab2ca8b4000468f","/static/js/main.8a370078.js.LICENSE.txt":"d4c68a8bea55cda0f2b95c033d0939bd4873cadadab5feba97f2d03a2f52b56e","/static/js/main.8a370078.js.map":"55f1e660c7f2b36b6ded3fae718b8a00223cd22178265ee2df5b985c42a80f84"}}
[debug] [2023-07-17T09:35:47.886Z] <<< [apiv2][status] POST https://firebasehosting.googleapis.com/v1beta1/projects/872546420614/sites/coolageofficial/versions/f81320f13c833d11:populateFiles 200
[debug] [2023-07-17T09:35:47.887Z] <<< [apiv2][body] POST https://firebasehosting.googleapis.com/v1beta1/projects/872546420614/sites/coolageofficial/versions/f81320f13c833d11:populateFiles {"uploadRequiredHashes":["ac167d338a2a1475d39c0623694209bc539d12e5f2eca01fccecd188e6d31075","428b6f3b9fa897ff6a74a9317687c7247842fd493c4d9d6bfab2ca8b4000468f","aff3449bdc238776f5d6d967f19ec491b36aed5fb7f23ccff6500736fd58494a","38e28168184d09604c0f675e89ccffdd8fc2fe37ed0528b74738ca2feb9faca6","570b28cc9f2e0e861536974ecca4152f865d1748741d55649d6fc1b6ba16b6cc","3f77651ce5b6f1f103ec8238dcb014331568ac0f306ca24cd52cbccc7a7434d1","3ee59515172ee198f3be375979df15ac5345183e656720a381b8872b2a39dc8b","a852f321a9c469c9ec97c3fcaf9054b488fb73c321a5ddaebf25dae5a40825d5","64867215df18f2ed867c4800604e2f241551d1f58975e57d2b64d882e16c544b","e4cd60f5d22f58a691abadab8303f6b57f7b7dc7b51984a08a9bf984aacc72ca","d4c68a8bea55cda0f2b95c033d0939bd4873cadadab5feba97f2d03a2f52b56e","ee7e2f3fdb8209c4b6fd7bef6ba50d1b9dba30a25bb5c3126df057e1cb6f5331","eae62e993eb980ec8a25058c39d5a51feab118bd2100c4deebb2a9c158ec11f9","bfd132cf30c4fc458aab63f8fb2d23785590a026a1cca2b97e5b7762f6d57df7","3aa4713e14e93663b274dc48a5d5ca91a9a33cbb07e1c09c6559f639a2616b74","55f1e660c7f2b36b6ded3fae718b8a00223cd22178265ee2df5b985c42a80f84","bfe106a3fb878dc83461c86818bf74fc1bdc7f28538ba613cd3e775516ce8b49"],"uploadUrl":"https://upload-firebasehosting.googleapis.com/upload/sites/coolageofficial/versions/f81320f13c833d11/files"}
[debug] [2023-07-17T09:35:47.897Z] >>> [apiv2][query] POST https://upload-firebasehosting.googleapis.com/upload/sites/coolageofficial/versions/f81320f13c833d11/files/ac167d338a2a1475d39c0623694209bc539d12e5f2eca01fccecd188e6d31075 [none]
[debug] [2023-07-17T09:35:47.897Z] >>> [apiv2][body] POST https://upload-firebasehosting.googleapis.com/upload/sites/coolageofficial/versions/f81320f13c833d11/files/ac167d338a2a1475d39c0623694209bc539d12e5f2eca01fccecd188e6d31075 [stream]
[debug] [2023-07-17T09:35:47.905Z] >>> [apiv2][query] POST https://upload-firebasehosting.googleapis.com/upload/sites/coolageofficial/versions/f81320f13c833d11/files/428b6f3b9fa897ff6a74a9317687c7247842fd493c4d9d6bfab2ca8b4000468f [none]
[debug] [2023-07-17T09:35:47.905Z] >>> [apiv2][body] POST https://upload-firebasehosting.googleapis.com/upload/sites/coolageofficial/versions/f81320f13c833d11/files/428b6f3b9fa897ff6a74a9317687c7247842fd493c4d9d6bfab2ca8b4000468f [stream]
[debug] [2023-07-17T09:35:47.912Z] >>> [apiv2][query] POST https://upload-firebasehosting.googleapis.com/upload/sites/coolageofficial/versions/f81320f13c833d11/files/aff3449bdc238776f5d6d967f19ec491b36aed5fb7f23ccff6500736fd58494a [none]
[debug] [2023-07-17T09:35:47.912Z] >>> [apiv2][body] POST https://upload-firebasehosting.googleapis.com/upload/sites/coolageofficial/versions/f81320f13c833d11/files/aff3449bdc238776f5d6d967f19ec491b36aed5fb7f23ccff6500736fd58494a [stream]
[debug] [2023-07-17T09:35:47.919Z] >>> [apiv2][query] POST https://upload-firebasehosting.googleapis.com/upload/sites/coolageofficial/versions/f81320f13c833d11/files/38e28168184d09604c0f675e89ccffdd8fc2fe37ed0528b74738ca2feb9faca6 [none]
[debug] [2023-07-17T09:35:47.919Z] >>> [apiv2][body] POST https://upload-firebasehosting.googleapis.com/upload/sites/coolageofficial/versions/f81320f13c833d11/files/38e28168184d09604c0f675e89ccffdd8fc2fe37ed0528b74738ca2feb9faca6 [stream]
[debug] [2023-07-17T09:35:47.927Z] >>> [apiv2][query] POST https://upload-firebasehosting.googleapis.com/upload/sites/coolageofficial/versions/f81320f13c833d11/files/570b28cc9f2e0e861536974ecca4152f865d1748741d55649d6fc1b6ba16b6cc [none]
[debug] [2023-07-17T09:35:47.927Z] >>> [apiv2][body] POST https://upload-firebasehosting.googleapis.com/upload/sites/coolageofficial/versions/f81320f13c833d11/files/570b28cc9f2e0e861536974ecca4152f865d1748741d55649d6fc1b6ba16b6cc [stream]
[debug] [2023-07-17T09:35:47.935Z] >>> [apiv2][query] POST https://upload-firebasehosting.googleapis.com/upload/sites/coolageofficial/versions/f81320f13c833d11/files/3f77651ce5b6f1f103ec8238dcb014331568ac0f306ca24cd52cbccc7a7434d1 [none]
[debug] [2023-07-17T09:35:47.935Z] >>> [apiv2][body] POST https://upload-firebasehosting.googleapis.com/upload/sites/coolageofficial/versions/f81320f13c833d11/files/3f77651ce5b6f1f103ec8238dcb014331568ac0f306ca24cd52cbccc7a7434d1 [stream]
[debug] [2023-07-17T09:35:47.943Z] >>> [apiv2][query] POST https://upload-firebasehosting.googleapis.com/upload/sites/coolageofficial/versions/f81320f13c833d11/files/3ee59515172ee198f3be375979df15ac5345183e656720a381b8872b2a39dc8b [none]
[debug] [2023-07-17T09:35:47.943Z] >>> [apiv2][body] POST https://upload-firebasehosting.googleapis.com/upload/sites/coolageofficial/versions/f81320f13c833d11/files/3ee59515172ee198f3be375979df15ac5345183e656720a381b8872b2a39dc8b [stream]
[debug] [2023-07-17T09:35:47.952Z] >>> [apiv2][query] POST https://upload-firebasehosting.googleapis.com/upload/sites/coolageofficial/versions/f81320f13c833d11/files/a852f321a9c469c9ec97c3fcaf9054b488fb73c321a5ddaebf25dae5a40825d5 [none]
[debug] [2023-07-17T09:35:47.952Z] >>> [apiv2][body] POST https://upload-firebasehosting.googleapis.com/upload/sites/coolageofficial/versions/f81320f13c833d11/files/a852f321a9c469c9ec97c3fcaf9054b488fb73c321a5ddaebf25dae5a40825d5 [stream]
[debug] [2023-07-17T09:35:47.972Z] >>> [apiv2][query] POST https://upload-firebasehosting.googleapis.com/upload/sites/coolageofficial/versions/f81320f13c833d11/files/64867215df18f2ed867c4800604e2f241551d1f58975e57d2b64d882e16c544b [none]
[debug] [2023-07-17T09:35:47.972Z] >>> [apiv2][body] POST https://upload-firebasehosting.googleapis.com/upload/sites/coolageofficial/versions/f81320f13c833d11/files/64867215df18f2ed867c4800604e2f241551d1f58975e57d2b64d882e16c544b [stream]
[debug] [2023-07-17T09:35:47.980Z] >>> [apiv2][query] POST https://upload-firebasehosting.googleapis.com/upload/sites/coolageofficial/versions/f81320f13c833d11/files/e4cd60f5d22f58a691abadab8303f6b57f7b7dc7b51984a08a9bf984aacc72ca [none]
[debug] [2023-07-17T09:35:47.980Z] >>> [apiv2][body] POST https://upload-firebasehosting.googleapis.com/upload/sites/coolageofficial/versions/f81320f13c833d11/files/e4cd60f5d22f58a691abadab8303f6b57f7b7dc7b51984a08a9bf984aacc72ca [stream]
[debug] [2023-07-17T09:35:47.988Z] >>> [apiv2][query] POST https://upload-firebasehosting.googleapis.com/upload/sites/coolageofficial/versions/f81320f13c833d11/files/d4c68a8bea55cda0f2b95c033d0939bd4873cadadab5feba97f2d03a2f52b56e [none]
[debug] [2023-07-17T09:35:47.988Z] >>> [apiv2][body] POST https://upload-firebasehosting.googleapis.com/upload/sites/coolageofficial/versions/f81320f13c833d11/files/d4c68a8bea55cda0f2b95c033d0939bd4873cadadab5feba97f2d03a2f52b56e [stream]
[debug] [2023-07-17T09:35:47.996Z] >>> [apiv2][query] POST https://upload-firebasehosting.googleapis.com/upload/sites/coolageofficial/versions/f81320f13c833d11/files/ee7e2f3fdb8209c4b6fd7bef6ba50d1b9dba30a25bb5c3126df057e1cb6f5331 [none]
[debug] [2023-07-17T09:35:47.996Z] >>> [apiv2][body] POST https://upload-firebasehosting.googleapis.com/upload/sites/coolageofficial/versions/f81320f13c833d11/files/ee7e2f3fdb8209c4b6fd7bef6ba50d1b9dba30a25bb5c3126df057e1cb6f5331 [stream]
[debug] [2023-07-17T09:35:48.007Z] >>> [apiv2][query] POST https://upload-firebasehosting.googleapis.com/upload/sites/coolageofficial/versions/f81320f13c833d11/files/eae62e993eb980ec8a25058c39d5a51feab118bd2100c4deebb2a9c158ec11f9 [none]
[debug] [2023-07-17T09:35:48.007Z] >>> [apiv2][body] POST https://upload-firebasehosting.googleapis.com/upload/sites/coolageofficial/versions/f81320f13c833d11/files/eae62e993eb980ec8a25058c39d5a51feab118bd2100c4deebb2a9c158ec11f9 [stream]
[debug] [2023-07-17T09:35:48.016Z] >>> [apiv2][query] POST https://upload-firebasehosting.googleapis.com/upload/sites/coolageofficial/versions/f81320f13c833d11/files/bfd132cf30c4fc458aab63f8fb2d23785590a026a1cca2b97e5b7762f6d57df7 [none]
[debug] [2023-07-17T09:35:48.016Z] >>> [apiv2][body] POST https://upload-firebasehosting.googleapis.com/upload/sites/coolageofficial/versions/f81320f13c833d11/files/bfd132cf30c4fc458aab63f8fb2d23785590a026a1cca2b97e5b7762f6d57df7 [stream]
[debug] [2023-07-17T09:35:48.023Z] >>> [apiv2][query] POST https://upload-firebasehosting.googleapis.com/upload/sites/coolageofficial/versions/f81320f13c833d11/files/3aa4713e14e93663b274dc48a5d5ca91a9a33cbb07e1c09c6559f639a2616b74 [none]
[debug] [2023-07-17T09:35:48.023Z] >>> [apiv2][body] POST https://upload-firebasehosting.googleapis.com/upload/sites/coolageofficial/versions/f81320f13c833d11/files/3aa4713e14e93663b274dc48a5d5ca91a9a33cbb07e1c09c6559f639a2616b74 [stream]
[debug] [2023-07-17T09:35:48.035Z] >>> [apiv2][query] POST https://upload-firebasehosting.googleapis.com/upload/sites/coolageofficial/versions/f81320f13c833d11/files/55f1e660c7f2b36b6ded3fae718b8a00223cd22178265ee2df5b985c42a80f84 [none]
[debug] [2023-07-17T09:35:48.035Z] >>> [apiv2][body] POST https://upload-firebasehosting.googleapis.com/upload/sites/coolageofficial/versions/f81320f13c833d11/files/55f1e660c7f2b36b6ded3fae718b8a00223cd22178265ee2df5b985c42a80f84 [stream]
[debug] [2023-07-17T09:35:48.051Z] >>> [apiv2][query] POST https://upload-firebasehosting.googleapis.com/upload/sites/coolageofficial/versions/f81320f13c833d11/files/bfe106a3fb878dc83461c86818bf74fc1bdc7f28538ba613cd3e775516ce8b49 [none]
[debug] [2023-07-17T09:35:48.051Z] >>> [apiv2][body] POST https://upload-firebasehosting.googleapis.com/upload/sites/coolageofficial/versions/f81320f13c833d11/files/bfe106a3fb878dc83461c86818bf74fc1bdc7f28538ba613cd3e775516ce8b49 [stream]
[debug] [2023-07-17T09:35:48.058Z] [hosting][populate queue][FINAL] {"max":1297,"min":1297,"avg":1297,"active":0,"complete":1,"success":1,"errored":0,"retried":1,"total":1,"elapsed":22937}
[debug] [2023-07-17T09:35:48.059Z] [hosting] uploads queued: 17
[debug] [2023-07-17T09:35:49.458Z] <<< [apiv2][status] POST https://upload-firebasehosting.googleapis.com/upload/sites/coolageofficial/versions/f81320f13c833d11/files/ac167d338a2a1475d39c0623694209bc539d12e5f2eca01fccecd188e6d31075 200
[debug] [2023-07-17T09:35:49.459Z] <<< [apiv2][body] POST https://upload-firebasehosting.googleapis.com/upload/sites/coolageofficial/versions/f81320f13c833d11/files/ac167d338a2a1475d39c0623694209bc539d12e5f2eca01fccecd188e6d31075 [stream]
[debug] [2023-07-17T09:35:49.488Z] <<< [apiv2][status] POST https://upload-firebasehosting.googleapis.com/upload/sites/coolageofficial/versions/f81320f13c833d11/files/38e28168184d09604c0f675e89ccffdd8fc2fe37ed0528b74738ca2feb9faca6 200
[debug] [2023-07-17T09:35:49.488Z] <<< [apiv2][body] POST https://upload-firebasehosting.googleapis.com/upload/sites/coolageofficial/versions/f81320f13c833d11/files/38e28168184d09604c0f675e89ccffdd8fc2fe37ed0528b74738ca2feb9faca6 [stream]
[debug] [2023-07-17T09:35:49.616Z] <<< [apiv2][status] POST https://upload-firebasehosting.googleapis.com/upload/sites/coolageofficial/versions/f81320f13c833d11/files/a852f321a9c469c9ec97c3fcaf9054b488fb73c321a5ddaebf25dae5a40825d5 200
[debug] [2023-07-17T09:35:49.617Z] <<< [apiv2][body] POST https://upload-firebasehosting.googleapis.com/upload/sites/coolageofficial/versions/f81320f13c833d11/files/a852f321a9c469c9ec97c3fcaf9054b488fb73c321a5ddaebf25dae5a40825d5 [stream]
[debug] [2023-07-17T09:35:49.747Z] <<< [apiv2][status] POST https://upload-firebasehosting.googleapis.com/upload/sites/coolageofficial/versions/f81320f13c833d11/files/eae62e993eb980ec8a25058c39d5a51feab118bd2100c4deebb2a9c158ec11f9 200
[debug] [2023-07-17T09:35:49.747Z] <<< [apiv2][body] POST https://upload-firebasehosting.googleapis.com/upload/sites/coolageofficial/versions/f81320f13c833d11/files/eae62e993eb980ec8a25058c39d5a51feab118bd2100c4deebb2a9c158ec11f9 [stream]
[debug] [2023-07-17T09:35:49.767Z] <<< [apiv2][status] POST https://upload-firebasehosting.googleapis.com/upload/sites/coolageofficial/versions/f81320f13c833d11/files/bfd132cf30c4fc458aab63f8fb2d23785590a026a1cca2b97e5b7762f6d57df7 200
[debug] [2023-07-17T09:35:49.768Z] <<< [apiv2][body] POST https://upload-firebasehosting.googleapis.com/upload/sites/coolageofficial/versions/f81320f13c833d11/files/bfd132cf30c4fc458aab63f8fb2d23785590a026a1cca2b97e5b7762f6d57df7 [stream]
[debug] [2023-07-17T09:35:49.779Z] <<< [apiv2][status] POST https://upload-firebasehosting.googleapis.com/upload/sites/coolageofficial/versions/f81320f13c833d11/files/e4cd60f5d22f58a691abadab8303f6b57f7b7dc7b51984a08a9bf984aacc72ca 200
[debug] [2023-07-17T09:35:49.780Z] <<< [apiv2][body] POST https://upload-firebasehosting.googleapis.com/upload/sites/coolageofficial/versions/f81320f13c833d11/files/e4cd60f5d22f58a691abadab8303f6b57f7b7dc7b51984a08a9bf984aacc72ca [stream]
[debug] [2023-07-17T09:35:49.788Z] <<< [apiv2][status] POST https://upload-firebasehosting.googleapis.com/upload/sites/coolageofficial/versions/f81320f13c833d11/files/ee7e2f3fdb8209c4b6fd7bef6ba50d1b9dba30a25bb5c3126df057e1cb6f5331 200
[debug] [2023-07-17T09:35:49.788Z] <<< [apiv2][body] POST https://upload-firebasehosting.googleapis.com/upload/sites/coolageofficial/versions/f81320f13c833d11/files/ee7e2f3fdb8209c4b6fd7bef6ba50d1b9dba30a25bb5c3126df057e1cb6f5331 [stream]
[debug] [2023-07-17T09:35:49.861Z] <<< [apiv2][status] POST https://upload-firebasehosting.googleapis.com/upload/sites/coolageofficial/versions/f81320f13c833d11/files/bfe106a3fb878dc83461c86818bf74fc1bdc7f28538ba613cd3e775516ce8b49 200
[debug] [2023-07-17T09:35:49.862Z] <<< [apiv2][body] POST https://upload-firebasehosting.googleapis.com/upload/sites/coolageofficial/versions/f81320f13c833d11/files/bfe106a3fb878dc83461c86818bf74fc1bdc7f28538ba613cd3e775516ce8b49 [stream]
[debug] [2023-07-17T09:35:50.083Z] <<< [apiv2][status] POST https://upload-firebasehosting.googleapis.com/upload/sites/coolageofficial/versions/f81320f13c833d11/files/aff3449bdc238776f5d6d967f19ec491b36aed5fb7f23ccff6500736fd58494a 200
[debug] [2023-07-17T09:35:50.084Z] <<< [apiv2][body] POST https://upload-firebasehosting.googleapis.com/upload/sites/coolageofficial/versions/f81320f13c833d11/files/aff3449bdc238776f5d6d967f19ec491b36aed5fb7f23ccff6500736fd58494a [stream]
[debug] [2023-07-17T09:35:50.371Z] <<< [apiv2][status] POST https://upload-firebasehosting.googleapis.com/upload/sites/coolageofficial/versions/f81320f13c833d11/files/d4c68a8bea55cda0f2b95c033d0939bd4873cadadab5feba97f2d03a2f52b56e 200
[debug] [2023-07-17T09:35:50.372Z] <<< [apiv2][body] POST https://upload-firebasehosting.googleapis.com/upload/sites/coolageofficial/versions/f81320f13c833d11/files/d4c68a8bea55cda0f2b95c033d0939bd4873cadadab5feba97f2d03a2f52b56e [stream]
[debug] [2023-07-17T09:35:50.546Z] <<< [apiv2][status] POST https://upload-firebasehosting.googleapis.com/upload/sites/coolageofficial/versions/f81320f13c833d11/files/3aa4713e14e93663b274dc48a5d5ca91a9a33cbb07e1c09c6559f639a2616b74 200
[debug] [2023-07-17T09:35:50.546Z] <<< [apiv2][body] POST https://upload-firebasehosting.googleapis.com/upload/sites/coolageofficial/versions/f81320f13c833d11/files/3aa4713e14e93663b274dc48a5d5ca91a9a33cbb07e1c09c6559f639a2616b74 [stream]
[debug] [2023-07-17T09:35:50.781Z] <<< [apiv2][status] POST https://upload-firebasehosting.googleapis.com/upload/sites/coolageofficial/versions/f81320f13c833d11/files/3f77651ce5b6f1f103ec8238dcb014331568ac0f306ca24cd52cbccc7a7434d1 200
[debug] [2023-07-17T09:35:50.781Z] <<< [apiv2][body] POST https://upload-firebasehosting.googleapis.com/upload/sites/coolageofficial/versions/f81320f13c833d11/files/3f77651ce5b6f1f103ec8238dcb014331568ac0f306ca24cd52cbccc7a7434d1 [stream]
[debug] [2023-07-17T09:35:50.794Z] <<< [apiv2][status] POST https://upload-firebasehosting.googleapis.com/upload/sites/coolageofficial/versions/f81320f13c833d11/files/3ee59515172ee198f3be375979df15ac5345183e656720a381b8872b2a39dc8b 200
[debug] [2023-07-17T09:35:50.795Z] <<< [apiv2][body] POST https://upload-firebasehosting.googleapis.com/upload/sites/coolageofficial/versions/f81320f13c833d11/files/3ee59515172ee198f3be375979df15ac5345183e656720a381b8872b2a39dc8b [stream]
[debug] [2023-07-17T09:35:50.885Z] <<< [apiv2][status] POST https://upload-firebasehosting.googleapis.com/upload/sites/coolageofficial/versions/f81320f13c833d11/files/570b28cc9f2e0e861536974ecca4152f865d1748741d55649d6fc1b6ba16b6cc 200
[debug] [2023-07-17T09:35:50.886Z] <<< [apiv2][body] POST https://upload-firebasehosting.googleapis.com/upload/sites/coolageofficial/versions/f81320f13c833d11/files/570b28cc9f2e0e861536974ecca4152f865d1748741d55649d6fc1b6ba16b6cc [stream]
[debug] [2023-07-17T09:35:50.945Z] <<< [apiv2][status] POST https://upload-firebasehosting.googleapis.com/upload/sites/coolageofficial/versions/f81320f13c833d11/files/428b6f3b9fa897ff6a74a9317687c7247842fd493c4d9d6bfab2ca8b4000468f 200
[debug] [2023-07-17T09:35:50.945Z] <<< [apiv2][body] POST https://upload-firebasehosting.googleapis.com/upload/sites/coolageofficial/versions/f81320f13c833d11/files/428b6f3b9fa897ff6a74a9317687c7247842fd493c4d9d6bfab2ca8b4000468f [stream]
[debug] [2023-07-17T09:35:51.094Z] <<< [apiv2][status] POST https://upload-firebasehosting.googleapis.com/upload/sites/coolageofficial/versions/f81320f13c833d11/files/64867215df18f2ed867c4800604e2f241551d1f58975e57d2b64d882e16c544b 200
[debug] [2023-07-17T09:35:51.094Z] <<< [apiv2][body] POST https://upload-firebasehosting.googleapis.com/upload/sites/coolageofficial/versions/f81320f13c833d11/files/64867215df18f2ed867c4800604e2f241551d1f58975e57d2b64d882e16c544b [stream]
[debug] [2023-07-17T09:35:51.387Z] <<< [apiv2][status] POST https://upload-firebasehosting.googleapis.com/upload/sites/coolageofficial/versions/f81320f13c833d11/files/55f1e660c7f2b36b6ded3fae718b8a00223cd22178265ee2df5b985c42a80f84 200
[debug] [2023-07-17T09:35:51.388Z] <<< [apiv2][body] POST https://upload-firebasehosting.googleapis.com/upload/sites/coolageofficial/versions/f81320f13c833d11/files/55f1e660c7f2b36b6ded3fae718b8a00223cd22178265ee2df5b985c42a80f84 [stream]
[debug] [2023-07-17T09:35:51.389Z] [hosting][upload queue][FINAL] {"max":3493,"min":1572,"avg":2365.8823529411766,"active":0,"complete":17,"success":17,"errored":0,"retried":0,"total":17,"elapsed":3502}
[info] +  hosting[coolageofficial]: file upload complete 
[debug] [2023-07-17T09:35:51.392Z] [hosting] deploy completed after 26332ms
[debug] [2023-07-17T09:35:51.393Z] [
  {
    "config": {
      "public": "build",
      "ignore": [
        "firebase.json",
        "**/.*",
        "**/node_modules/**"
      ],
      "rewrites": [
        {
          "source": "**",
          "destination": "/index.html"
        }
      ],
      "site": "coolageofficial"
    },
    "version": "projects/872546420614/sites/coolageofficial/versions/f81320f13c833d11"
  }
]
[info] i  hosting[coolageofficial]: finalizing version... 
[debug] [2023-07-17T09:35:51.402Z] >>> [apiv2][query] PATCH https://firebasehosting.googleapis.com/v1beta1/projects/-/sites/coolageofficial/versions/f81320f13c833d11 updateMask=status%2Cconfig
[debug] [2023-07-17T09:35:51.402Z] >>> [apiv2][body] PATCH https://firebasehosting.googleapis.com/v1beta1/projects/-/sites/coolageofficial/versions/f81320f13c833d11 {"status":"FINALIZED","config":{"rewrites":[{"glob":"**","path":"/index.html"}]}}
[debug] [2023-07-17T09:35:52.687Z] <<< [apiv2][status] PATCH https://firebasehosting.googleapis.com/v1beta1/projects/-/sites/coolageofficial/versions/f81320f13c833d11 200
[debug] [2023-07-17T09:35:52.688Z] <<< [apiv2][body] PATCH https://firebasehosting.googleapis.com/v1beta1/projects/-/sites/coolageofficial/versions/f81320f13c833d11 {"name":"projects/872546420614/sites/coolageofficial/versions/f81320f13c833d11","status":"FINALIZED","config":{"rewrites":[{"glob":"**","path":"/index.html"}]},"labels":{"deployment-tool":"cli-firebase"},"createTime":"2023-07-17T09:35:23.773693Z","createUser":{"email":"anubhavkhamari002@gmail.com"},"finalizeTime":"2023-07-17T09:35:51.700669Z","finalizeUser":{"email":"anubhavkhamari002@gmail.com"}}
[debug] [2023-07-17T09:35:52.688Z] [hosting] finalized version for coolageofficial:[object Object]
[info] +  hosting[coolageofficial]: version finalized 
[info] i  hosting[coolageofficial]: releasing new version... 
[debug] [2023-07-17T09:35:52.692Z] >>> [apiv2][query] POST https://firebasehosting.googleapis.com/v1beta1/projects/-/sites/coolageofficial/channels/live/releases versionName=projects%2F872546420614%2Fsites%2Fcoolageofficial%2Fversions%2Ff81320f13c833d11
[debug] [2023-07-17T09:35:52.692Z] >>> [apiv2][body] POST https://firebasehosting.googleapis.com/v1beta1/projects/-/sites/coolageofficial/channels/live/releases {}
[debug] [2023-07-17T09:35:54.035Z] <<< [apiv2][status] POST https://firebasehosting.googleapis.com/v1beta1/projects/-/sites/coolageofficial/channels/live/releases 200
[debug] [2023-07-17T09:35:54.036Z] <<< [apiv2][body] POST https://firebasehosting.googleapis.com/v1beta1/projects/-/sites/coolageofficial/channels/live/releases {"name":"projects/872546420614/sites/coolageofficial/channels/live/releases/1689586552405000","version":{"name":"projects/872546420614/sites/coolageofficial/versions/f81320f13c833d11","status":"FINALIZED","config":{"rewrites":[{"glob":"**","path":"/index.html"}]},"labels":{"deployment-tool":"cli-firebase"},"createTime":"2023-07-17T09:35:23.773693Z","createUser":{"email":"anubhavkhamari002@gmail.com","imageUrl":"https://lh3.googleusercontent.com/a/AAcHTtctS0D2SMGX-6zZY6Oia23kxeZ68JzWbTX-DUcnJqrM=mo"},"finalizeTime":"2023-07-17T09:35:51.700669Z","finalizeUser":{"email":"anubhavkhamari002@gmail.com","imageUrl":"https://lh3.googleusercontent.com/a/AAcHTtctS0D2SMGX-6zZY6Oia23kxeZ68JzWbTX-DUcnJqrM=mo"}},"type":"DEPLOY","releaseTime":"2023-07-17T09:35:52.405Z","releaseUser":{"email":"anubhavkhamari002@gmail.com","imageUrl":"https://lh3.googleusercontent.com/a/AAcHTtctS0D2SMGX-6zZY6Oia23kxeZ68JzWbTX-DUcnJqrM=mo"}}
[debug] [2023-07-17T09:35:54.036Z] [hosting] release: {"name":"projects/872546420614/sites/coolageofficial/channels/live/releases/1689586552405000","version":{"name":"projects/872546420614/sites/coolageofficial/versions/f81320f13c833d11","status":"FINALIZED","config":{"rewrites":[{"glob":"**","path":"/index.html"}]},"labels":{"deployment-tool":"cli-firebase"},"createTime":"2023-07-17T09:35:23.773693Z","createUser":{"email":"anubhavkhamari002@gmail.com","imageUrl":"https://lh3.googleusercontent.com/a/AAcHTtctS0D2SMGX-6zZY6Oia23kxeZ68JzWbTX-DUcnJqrM=mo"},"finalizeTime":"2023-07-17T09:35:51.700669Z","finalizeUser":{"email":"anubhavkhamari002@gmail.com","imageUrl":"https://lh3.googleusercontent.com/a/AAcHTtctS0D2SMGX-6zZY6Oia23kxeZ68JzWbTX-DUcnJqrM=mo"}},"type":"DEPLOY","releaseTime":"2023-07-17T09:35:52.405Z","releaseUser":{"email":"anubhavkhamari002@gmail.com","imageUrl":"https://lh3.googleusercontent.com/a/AAcHTtctS0D2SMGX-6zZY6Oia23kxeZ68JzWbTX-DUcnJqrM=mo"}}
[info] +  hosting[coolageofficial]: release complete 
[info] 
[info] +  Deploy complete! 
[info] 
[info] Project Console: https://console.firebase.google.com/project/coolageofficial/overview
[info] Hosting URL: https://coolageofficial.web.app
[debug] [2023-07-17T09:35:59.744Z] Error: Timed out.
    at Timeout._onTimeout (C:\Users\Anubhav\AppData\Roaming\nvm\v18.0.0\node_modules\firebase-tools\lib\utils.js:254:49)
    at listOnTimeout (node:internal/timers:564:17)
    at process.processTimers (node:internal/timers:507:7)
[error] 
[error] Error: An unexpected error has occurred.
